<?xml version="1.0" encoding="UTF-8"?>
<!-- Generated by org.testng.reporters.JUnitReportReporter -->
<testsuite hostname="DESKTOP-ABOBJP5" failures="0" tests="1" name="Automation.test4" time="146.381" errors="0" timestamp="2023-08-15T19:35:18 IST" skipped="0">
  <testcase classname="Automation.test4" name="t2" time="146.381"/>
  <system-out/>
</testsuite> <!-- Automation.test4 -->
