<?xml version="1.0" encoding="UTF-8"?>
<!-- Generated by org.testng.reporters.JUnitReportReporter -->
<testsuite hostname="DESKTOP-ABOBJP5" failures="0" tests="1" name="Automation.RSA" time="25.337" errors="0" timestamp="2023-08-14T10:31:12 IST" skipped="0">
  <testcase classname="Automation.RSA" name="t5" time="25.337"/>
  <system-out/>
</testsuite> <!-- Automation.RSA -->
