<?xml version="1.0" encoding="UTF-8"?>
<!-- Generated by org.testng.reporters.JUnitReportReporter -->
<testsuite hostname="DESKTOP-ABOBJP5" failures="0" tests="1" name="Automation.test5" time="26.563" errors="0" timestamp="2023-08-16T15:58:53 IST" skipped="0">
  <testcase classname="Automation.test5" name="test1" time="26.563"/>
  <system-out/>
</testsuite> <!-- Automation.test5 -->
