<?xml version="1.0" encoding="UTF-8"?>
<!-- Generated by org.testng.reporters.JUnitReportReporter -->
<testsuite hostname="DESKTOP-ABOBJP5" failures="0" tests="1" name="Automation.prac" time="15.865" errors="0" timestamp="2023-08-28T11:26:34 IST" skipped="0">
  <testcase classname="Automation.prac" name="tr" time="15.865"/>
  <system-out/>
</testsuite> <!-- Automation.prac -->
