<?xml version="1.0" encoding="UTF-8"?>
<!-- Generated by org.testng.reporters.JUnitReportReporter -->
<testsuite hostname="DESKTOP-ABOBJP5" failures="0" tests="2" name="Automation.demo" time="16.178" errors="0" timestamp="2023-08-18T09:47:24 IST" skipped="0">
  <testcase classname="Automation.demo" name="tt1" time="0.453"/>
  <system-out/>
  <testcase classname="Automation.demo" name="tt2" time="15.725"/>
  <system-out/>
</testsuite> <!-- Automation.demo -->
