<?xml version="1.0" encoding="UTF-8"?>
<!-- Generated by org.testng.reporters.JUnitReportReporter -->
<testsuite hostname="DESKTOP-ABOBJP5" failures="0" tests="4" name="Automation.Groups" time="0.068" errors="0" timestamp="2023-08-21T11:19:32 IST" skipped="0">
  <testcase classname="Automation.Groups" name="t1" time="0.014"/>
  <system-out/>
  <testcase classname="Automation.Groups" name="t2" time="0.008"/>
  <system-out/>
  <testcase classname="Automation.Groups" name="t3" time="0.006"/>
  <system-out/>
  <testcase classname="Automation.Groups" name="t4" time="0.040"/>
  <system-out/>
</testsuite> <!-- Automation.Groups -->
